<?xml version="1.0" encoding="UTF-8"?>
<!-- Generated by org.testng.reporters.JUnitXMLReporter -->
<testsuite hostname="L-0301" ignored="0" name="Command line test" tests="1" failures="1" timestamp="2022-04-21T09:23:56 IST" time="8.996" errors="0">
  <testcase name="testApplyRest" time="8.959" classname="upgrade.automation.ApplyReset">
    <failure type="java.lang.IllegalArgumentException" message="Cannot find elements when the XPath is null.">
      <![CDATA[java.lang.IllegalArgumentException: Cannot find elements when the XPath is null.
at org.openqa.selenium.internal.Require$ArgumentChecker.nonNull(Require.java:92)
at org.openqa.selenium.By$ByXPath.<init>(By.java:287)
at org.openqa.selenium.By.xpath(By.java:89)
at upgrade.automation.ApplyReset.testApplyRest(ApplyReset.java:24)
at java.util.ArrayList.forEach(Unknown Source)
at org.avin.test.upgrade.upgrade.TestRunner.main(TestRunner.java:48)
... Removed 24 stack frames]]>
    </failure>
  </testcase> <!-- testApplyRest -->
</testsuite> <!-- Command line test -->
