<?xml version="1.0" encoding="UTF-8"?>
<!-- Generated by org.testng.reporters.JUnitXMLReporter -->
<testsuite hostname="L-0301" ignored="0" name="firmwareUpgrade" tests="1" failures="1" timestamp="2022-04-12T15:05:49 IST" time="0.031" errors="0">
  <testcase name="testUpgradeToFrom" time="0.0" classname="com.avin.automation.UpgradeToFrom">
    <failure type="org.testng.TestNGException" message="
Parameter &amp;apos;firmwareVersion&amp;apos; is required by @Test on method testUpgradeToFrom but has not been marked @Optional or defined
in C:\Users\naveena.us\AppData\Local\JetBrains\IdeaIC2021.2\temp-testng-customsuite.xml">
      <![CDATA[org.testng.TestNGException: 
Parameter 'firmwareVersion' is required by @Test on method testUpgradeToFrom but has not been marked @Optional or defined
in C:\Users\naveena.us\AppData\Local\JetBrains\IdeaIC2021.2\temp-testng-customsuite.xml
at java.util.ArrayList.forEach(ArrayList.java:1249)
at com.intellij.rt.testng.IDEARemoteTestNG.run(IDEARemoteTestNG.java:66)
at com.intellij.rt.testng.RemoteTestNGStarter.main(RemoteTestNGStarter.java:109)
... Removed 23 stack frames]]>
    </failure>
  </testcase> <!-- testUpgradeToFrom -->
</testsuite> <!-- firmwareUpgrade -->
