<?xml version="1.0" encoding="UTF-8"?>
<testng-results skipped="0" failed="2" ignored="0" total="5" passed="3">
  <reporter-output>
    <line>
      <![CDATA[Navigated to device tab]]>
    </line>
    <line>
      <![CDATA[Navigated to Maintenance/Support tab]]>
    </line>
    <line>
      <![CDATA[Camera reset is completed]]>
    </line>
    <line>
      <![CDATA[Added new username]]>
    </line>
    <line>
      <![CDATA[Added new password]]>
    </line>
    <line>
      <![CDATA[Added new confirmpassword]]>
    </line>
    <line>
      <![CDATA[Password is set]]>
    </line>
    <line>
      <![CDATA[New Credentials are added]]>
    </line>
    <line>
      <![CDATA[Navigated to device tab]]>
    </line>
    <line>
      <![CDATA[Camera name is changed]]>
    </line>
    <line>
      <![CDATA[Emulation mode is enabled]]>
    </line>
    <line>
      <![CDATA[date/time is changed]]>
    </line>
    <line>
      <![CDATA[Changed Date and time - NTP]]>
    </line>
    <line>
      <![CDATA[Navigated to video/audio tab]]>
    </line>
    <line>
      <![CDATA[Navigated to ImageSettings tab]]>
    </line>
    <line>
      <![CDATA[Selected 50Hz ]]>
    </line>
    <line>
      <![CDATA[HDR is off]]>
    </line>
    <line>
      <![CDATA[Selected Motion]]>
    </line>
    <line>
      <![CDATA[Selected Exposure Setting]]>
    </line>
    <line>
      <![CDATA[Selected brightness- 50]]>
    </line>
    <line>
      <![CDATA[Selected contrast- 9]]>
    </line>
    <line>
      <![CDATA[Selected Sharpness- 10]]>
    </line>
    <line>
      <![CDATA[Selected saturation- 8]]>
    </line>
    <line>
      <![CDATA[Enable Wide Dynamic Range]]>
    </line>
    <line>
      <![CDATA[WdrValue- 50]]>
    </line>
    <line>
      <![CDATA[Camera mount position is set to Table]]>
    </line>
    <line>
      <![CDATA[Rotate camera setting set to Invert]]>
    </line>
    <line>
      <![CDATA[IR Cut Filter setting set to Night Mode]]>
    </line>
    <line>
      <![CDATA[colour space setting set to BT709 FS]]>
    </line>
    <line>
      <![CDATA[Save and Reboot is not required for this firmware]]>
    </line>
    <line>
      <![CDATA[Navigated to video/audio tab]]>
    </line>
    <line>
      <![CDATA[Selected Multimode]]>
    </line>
    <line>
      <![CDATA[Editing MP1 Settings ]]>
    </line>
    <line>
      <![CDATA[Selected Video Compression - H265 ]]>
    </line>
    <line>
      <![CDATA[Selected Constant Bit Rate]]>
    </line>
    <line>
      <![CDATA[Added 25000 Bit Rate]]>
    </line>
    <line>
      <![CDATA[Selected Video Multicast]]>
    </line>
    <line>
      <![CDATA[Editing MP2 Settings ]]>
    </line>
    <line>
      <![CDATA[Selected Pano mode]]>
    </line>
    <line>
      <![CDATA[Selected 1920 x 768 resolution ]]>
    </line>
    <line>
      <![CDATA[Selected Gop to 100]]>
    </line>
    <line>
      <![CDATA[Selected Always On]]>
    </line>
    <line>
      <![CDATA[Editing MP3 Settings ]]>
    </line>
    <line>
      <![CDATA[Selected Corridor mode]]>
    </line>
    <line>
      <![CDATA[Editing MP4 Settings ]]>
    </line>
    <line>
      <![CDATA[Selected VCam mode]]>
    </line>
    <line>
      <![CDATA[Selected Video Compression -  JPEG  ]]>
    </line>
    <line>
      <![CDATA[Selected framesPerSecond - 8 ]]>
    </line>
    <line>
      <![CDATA[Selected quality - 60 ]]>
    </line>
    <line>
      <![CDATA[Selected Max Bit Rate to 1100]]>
    </line>
    <line>
      <![CDATA[Navigated to video/audio tab]]>
    </line>
    <line>
      <![CDATA[Added ScreeCaptionName]]>
    </line>
    <line>
      <![CDATA[Added timeFormat]]>
    </line>
    <line>
      <![CDATA[Added dateFormat]]>
    </line>
    <line>
      <![CDATA[Added FontSize]]>
    </line>
    <line>
      <![CDATA[Added Text Colour]]>
    </line>
    <line>
      <![CDATA[Added new overlay]]>
    </line>
    <line>
      <![CDATA[Navigated to Global StreamLite Compression Settings tab]]>
    </line>
    <line>
      <![CDATA[selected ColourMap]]>
    </line>
    <line>
      <![CDATA[selected tracked objects]]>
    </line>
    <line>
      <![CDATA[RectPercentage set to 50 ]]>
    </line>
    <line>
      <![CDATA[RectPersistence set to 30 ]]>
    </line>
    <line>
      <![CDATA[CenterDistance set to 15 ]]>
    </line>
    <line>
      <![CDATA[ThresholdToMotion set to 15 ]]>
    </line>
    <line>
      <![CDATA[ThresholdToNoMotion set to 15 ]]>
    </line>
    <line>
      <![CDATA[Delay set to 15 ]]>
    </line>
    <line>
      <![CDATA[Navigated to Global Settings tab]]>
    </line>
    <line>
      <![CDATA[sensitivity set to 15 ]]>
    </line>
    <line>
      <![CDATA[threshold set to 15 ]]>
    </line>
    <line>
      <![CDATA[latency set to 15 ]]>
    </line>
    <line>
      <![CDATA[persistance set to 1000 ]]>
    </line>
    <line>
      <![CDATA[height set to 15 ]]>
    </line>
    <line>
      <![CDATA[New user is added]]>
    </line>
    <line>
      <![CDATA[Navigatied to Device tab]]>
    </line>
    <line>
      <![CDATA[Firmware Upgrade is completed]]>
    </line>
  </reporter-output>
  <suite name="Command line suite" duration-ms="831694" started-at="2022-04-21T15:13:09 IST" finished-at="2022-04-21T15:27:01 IST">
    <groups>
    </groups>
    <test name="Command line test" duration-ms="831694" started-at="2022-04-21T15:13:09 IST" finished-at="2022-04-21T15:27:01 IST">
      <class name="com.avin.automation.ApplyReset">
        <test-method status="PASS" signature="testApplyRest(java.lang.String, java.lang.String, java.lang.String, java.lang.String, java.lang.String, java.lang.String)[pri:0, instance:com.avin.automation.ApplyReset@2096442d]" name="testApplyRest" duration-ms="81601" started-at="2022-04-21T15:13:10 IST" data-provider="cam-data" finished-at="2022-04-21T15:14:31 IST">
          <params>
            <param index="0">
              <value>
                <![CDATA[192.168.4.86/index.html]]>
              </value>
            </param>
            <param index="1">
              <value>
                <![CDATA[admin]]>
              </value>
            </param>
            <param index="2">
              <value>
                <![CDATA[Admin@86]]>
              </value>
            </param>
            <param index="3">
              <value>
                <![CDATA[C12]]>
              </value>
            </param>
            <param index="4">
              <value>
                <![CDATA[2.0.6]]>
              </value>
            </param>
            <param index="5">
              <value>
                <![CDATA[2.1.5]]>
              </value>
            </param>
          </params>
          <reporter-output>
            <line>
              <![CDATA[Navigated to device tab]]>
            </line>
            <line>
              <![CDATA[Navigated to Maintenance/Support tab]]>
            </line>
            <line>
              <![CDATA[Camera reset is completed]]>
            </line>
          </reporter-output>
        </test-method> <!-- testApplyRest -->
      </class> <!-- com.avin.automation.ApplyReset -->
      <class name="com.avin.automation.AddCredentials">
        <test-method status="PASS" signature="testAddCredentials(java.lang.String, java.lang.String, java.lang.String, java.lang.String, java.lang.String, java.lang.String)[pri:0, instance:com.avin.automation.AddCredentials@9f70c54]" name="testAddCredentials" duration-ms="9441" started-at="2022-04-21T15:14:31 IST" data-provider="cam-data" finished-at="2022-04-21T15:14:41 IST">
          <params>
            <param index="0">
              <value>
                <![CDATA[192.168.4.86/index.html]]>
              </value>
            </param>
            <param index="1">
              <value>
                <![CDATA[admin]]>
              </value>
            </param>
            <param index="2">
              <value>
                <![CDATA[Admin@86]]>
              </value>
            </param>
            <param index="3">
              <value>
                <![CDATA[C12]]>
              </value>
            </param>
            <param index="4">
              <value>
                <![CDATA[2.0.6]]>
              </value>
            </param>
            <param index="5">
              <value>
                <![CDATA[2.1.5]]>
              </value>
            </param>
          </params>
          <reporter-output>
            <line>
              <![CDATA[Added new username]]>
            </line>
            <line>
              <![CDATA[Added new password]]>
            </line>
            <line>
              <![CDATA[Added new confirmpassword]]>
            </line>
            <line>
              <![CDATA[Password is set]]>
            </line>
            <line>
              <![CDATA[New Credentials are added]]>
            </line>
          </reporter-output>
        </test-method> <!-- testAddCredentials -->
      </class> <!-- com.avin.automation.AddCredentials -->
      <class name="com.avin.automation.UpgradeToFrom">
        <test-method status="PASS" signature="testUpgradeToFrom(java.lang.String, java.lang.String, java.lang.String, java.lang.String, java.lang.String, java.lang.String)[pri:0, instance:com.avin.automation.UpgradeToFrom@234bef66]" name="testUpgradeToFrom" duration-ms="732510" started-at="2022-04-21T15:14:41 IST" data-provider="cam-data" finished-at="2022-04-21T15:26:53 IST">
          <params>
            <param index="0">
              <value>
                <![CDATA[192.168.4.86/index.html]]>
              </value>
            </param>
            <param index="1">
              <value>
                <![CDATA[admin]]>
              </value>
            </param>
            <param index="2">
              <value>
                <![CDATA[Admin@86]]>
              </value>
            </param>
            <param index="3">
              <value>
                <![CDATA[C12]]>
              </value>
            </param>
            <param index="4">
              <value>
                <![CDATA[2.0.6]]>
              </value>
            </param>
            <param index="5">
              <value>
                <![CDATA[2.1.5]]>
              </value>
            </param>
          </params>
          <reporter-output>
            <line>
              <![CDATA[Navigated to device tab]]>
            </line>
            <line>
              <![CDATA[Camera name is changed]]>
            </line>
            <line>
              <![CDATA[Emulation mode is enabled]]>
            </line>
            <line>
              <![CDATA[date/time is changed]]>
            </line>
            <line>
              <![CDATA[Changed Date and time - NTP]]>
            </line>
            <line>
              <![CDATA[Navigated to video/audio tab]]>
            </line>
            <line>
              <![CDATA[Navigated to ImageSettings tab]]>
            </line>
            <line>
              <![CDATA[Selected 50Hz ]]>
            </line>
            <line>
              <![CDATA[HDR is off]]>
            </line>
            <line>
              <![CDATA[Selected Motion]]>
            </line>
            <line>
              <![CDATA[Selected Exposure Setting]]>
            </line>
            <line>
              <![CDATA[Selected brightness- 50]]>
            </line>
            <line>
              <![CDATA[Selected contrast- 9]]>
            </line>
            <line>
              <![CDATA[Selected Sharpness- 10]]>
            </line>
            <line>
              <![CDATA[Selected saturation- 8]]>
            </line>
            <line>
              <![CDATA[Enable Wide Dynamic Range]]>
            </line>
            <line>
              <![CDATA[WdrValue- 50]]>
            </line>
            <line>
              <![CDATA[Camera mount position is set to Table]]>
            </line>
            <line>
              <![CDATA[Rotate camera setting set to Invert]]>
            </line>
            <line>
              <![CDATA[IR Cut Filter setting set to Night Mode]]>
            </line>
            <line>
              <![CDATA[colour space setting set to BT709 FS]]>
            </line>
            <line>
              <![CDATA[Save and Reboot is not required for this firmware]]>
            </line>
            <line>
              <![CDATA[Navigated to video/audio tab]]>
            </line>
            <line>
              <![CDATA[Selected Multimode]]>
            </line>
            <line>
              <![CDATA[Editing MP1 Settings ]]>
            </line>
            <line>
              <![CDATA[Selected Video Compression - H265 ]]>
            </line>
            <line>
              <![CDATA[Selected Constant Bit Rate]]>
            </line>
            <line>
              <![CDATA[Added 25000 Bit Rate]]>
            </line>
            <line>
              <![CDATA[Selected Video Multicast]]>
            </line>
            <line>
              <![CDATA[Editing MP2 Settings ]]>
            </line>
            <line>
              <![CDATA[Selected Pano mode]]>
            </line>
            <line>
              <![CDATA[Selected 1920 x 768 resolution ]]>
            </line>
            <line>
              <![CDATA[Selected Gop to 100]]>
            </line>
            <line>
              <![CDATA[Selected Always On]]>
            </line>
            <line>
              <![CDATA[Editing MP3 Settings ]]>
            </line>
            <line>
              <![CDATA[Selected Corridor mode]]>
            </line>
            <line>
              <![CDATA[Editing MP4 Settings ]]>
            </line>
            <line>
              <![CDATA[Selected VCam mode]]>
            </line>
            <line>
              <![CDATA[Selected Video Compression -  JPEG  ]]>
            </line>
            <line>
              <![CDATA[Selected framesPerSecond - 8 ]]>
            </line>
            <line>
              <![CDATA[Selected quality - 60 ]]>
            </line>
            <line>
              <![CDATA[Selected Max Bit Rate to 1100]]>
            </line>
            <line>
              <![CDATA[Navigated to video/audio tab]]>
            </line>
            <line>
              <![CDATA[Added ScreeCaptionName]]>
            </line>
            <line>
              <![CDATA[Added timeFormat]]>
            </line>
            <line>
              <![CDATA[Added dateFormat]]>
            </line>
            <line>
              <![CDATA[Added FontSize]]>
            </line>
            <line>
              <![CDATA[Added Text Colour]]>
            </line>
            <line>
              <![CDATA[Added new overlay]]>
            </line>
            <line>
              <![CDATA[Navigated to Global StreamLite Compression Settings tab]]>
            </line>
            <line>
              <![CDATA[selected ColourMap]]>
            </line>
            <line>
              <![CDATA[selected tracked objects]]>
            </line>
            <line>
              <![CDATA[RectPercentage set to 50 ]]>
            </line>
            <line>
              <![CDATA[RectPersistence set to 30 ]]>
            </line>
            <line>
              <![CDATA[CenterDistance set to 15 ]]>
            </line>
            <line>
              <![CDATA[ThresholdToMotion set to 15 ]]>
            </line>
            <line>
              <![CDATA[ThresholdToNoMotion set to 15 ]]>
            </line>
            <line>
              <![CDATA[Delay set to 15 ]]>
            </line>
            <line>
              <![CDATA[Navigated to Global Settings tab]]>
            </line>
            <line>
              <![CDATA[sensitivity set to 15 ]]>
            </line>
            <line>
              <![CDATA[threshold set to 15 ]]>
            </line>
            <line>
              <![CDATA[latency set to 15 ]]>
            </line>
            <line>
              <![CDATA[persistance set to 1000 ]]>
            </line>
            <line>
              <![CDATA[height set to 15 ]]>
            </line>
            <line>
              <![CDATA[New user is added]]>
            </line>
            <line>
              <![CDATA[Navigatied to Device tab]]>
            </line>
            <line>
              <![CDATA[Firmware Upgrade is completed]]>
            </line>
          </reporter-output>
        </test-method> <!-- testUpgradeToFrom -->
      </class> <!-- com.avin.automation.UpgradeToFrom -->
      <class name="com.avin.automation.DowngradeFromTo">
        <test-method status="FAIL" signature="testDowngradeFromTo(java.lang.String, java.lang.String, java.lang.String, java.lang.String, java.lang.String, java.lang.String)[pri:0, instance:com.avin.automation.DowngradeFromTo@737996a0]" name="testDowngradeFromTo" duration-ms="8038" started-at="2022-04-21T15:26:53 IST" data-provider="cam-data" finished-at="2022-04-21T15:27:01 IST">
          <params>
            <param index="0">
              <value>
                <![CDATA[192.168.4.86/index.html]]>
              </value>
            </param>
            <param index="1">
              <value>
                <![CDATA[admin]]>
              </value>
            </param>
            <param index="2">
              <value>
                <![CDATA[Admin@86]]>
              </value>
            </param>
            <param index="3">
              <value>
                <![CDATA[C12]]>
              </value>
            </param>
            <param index="4">
              <value>
                <![CDATA[2.0.6]]>
              </value>
            </param>
            <param index="5">
              <value>
                <![CDATA[2.1.5]]>
              </value>
            </param>
          </params>
          <exception class="java.lang.IllegalArgumentException">
            <message>
              <![CDATA[Cannot find elements when the XPath is null.]]>
            </message>
            <full-stacktrace>
              <![CDATA[java.lang.IllegalArgumentException: Cannot find elements when the XPath is null.
at org.openqa.selenium.internal.Require$ArgumentChecker.nonNull(Require.java:92)
at org.openqa.selenium.By$ByXPath.<init>(By.java:287)
at org.openqa.selenium.By.xpath(By.java:89)
at com.avin.automation.DowngradeFromTo.testDowngradeFromTo(DowngradeFromTo.java:27)
at sun.reflect.NativeMethodAccessorImpl.invoke0(Native Method)
at sun.reflect.NativeMethodAccessorImpl.invoke(NativeMethodAccessorImpl.java:62)
at sun.reflect.DelegatingMethodAccessorImpl.invoke(DelegatingMethodAccessorImpl.java:43)
at java.lang.reflect.Method.invoke(Method.java:498)
at org.testng.internal.MethodInvocationHelper.invokeMethod(MethodInvocationHelper.java:133)
at org.testng.internal.TestInvoker.invokeMethod(TestInvoker.java:584)
at org.testng.internal.TestInvoker.invokeTestMethod(TestInvoker.java:172)
at org.testng.internal.MethodRunner.runInSequence(MethodRunner.java:46)
at org.testng.internal.TestInvoker$MethodInvocationAgent.invoke(TestInvoker.java:804)
at org.testng.internal.TestInvoker.invokeTestMethods(TestInvoker.java:145)
at org.testng.internal.TestMethodWorker.invokeTestMethods(TestMethodWorker.java:146)
at org.testng.internal.TestMethodWorker.run(TestMethodWorker.java:128)
at java.util.ArrayList.forEach(ArrayList.java:1259)
at org.testng.TestRunner.privateRun(TestRunner.java:770)
at org.testng.TestRunner.run(TestRunner.java:591)
at org.testng.SuiteRunner.runTest(SuiteRunner.java:402)
at org.testng.SuiteRunner.runSequentially(SuiteRunner.java:396)
at org.testng.SuiteRunner.privateRun(SuiteRunner.java:355)
at org.testng.SuiteRunner.run(SuiteRunner.java:304)
at org.testng.SuiteRunnerWorker.runSuite(SuiteRunnerWorker.java:53)
at org.testng.SuiteRunnerWorker.run(SuiteRunnerWorker.java:96)
at org.testng.TestNG.runSuitesSequentially(TestNG.java:1180)
at org.testng.TestNG.runSuitesLocally(TestNG.java:1102)
at org.testng.TestNG.runSuites(TestNG.java:1032)
at org.testng.TestNG.run(TestNG.java:1000)
at com.avin.run.TestRunner.main(TestRunner.java:36)
]]>
            </full-stacktrace>
          </exception> <!-- java.lang.IllegalArgumentException -->
          <reporter-output>
          </reporter-output>
        </test-method> <!-- testDowngradeFromTo -->
      </class> <!-- com.avin.automation.DowngradeFromTo -->
      <class name="com.avin.automation.CameraUpgrade">
        <test-method status="FAIL" signature="testCameraUpgrade(java.lang.String, java.lang.String, java.lang.String, java.lang.String, java.lang.String)[pri:0, instance:com.avin.automation.CameraUpgrade@2c9f9fb0]" name="testCameraUpgrade" duration-ms="41" started-at="2022-04-21T15:13:10 IST" data-provider="cam-data" finished-at="2022-04-21T15:13:10 IST">
          <exception class="org.testng.internal.reflect.MethodMatcherException">
            <message>
              <![CDATA[
[public static void com.avin.automation.CameraUpgrade.testCameraUpgrade(java.lang.String,java.lang.String,java.lang.String,java.lang.String,java.lang.String) throws java.lang.InterruptedException,java.io.IOException] has no parameters defined but was found to be using a data provider (either explicitly specified or inherited from class level annotation).
Data provider mismatch
Method: testCameraUpgrade([Parameter{index=0, type=java.lang.String, declaredAnnotations=[]}, Parameter{index=1, type=java.lang.String, declaredAnnotations=[]}, Parameter{index=2, type=java.lang.String, declaredAnnotations=[]}, Parameter{index=3, type=java.lang.String, declaredAnnotations=[]}, Parameter{index=4, type=java.lang.String, declaredAnnotations=[]}])
Arguments: [(java.lang.String) 192.168.4.86/index.html,(java.lang.String) admin,(java.lang.String) Admin@86,(java.lang.String) C12,(java.lang.String) 2.0.6,(java.lang.String) 2.1.5]]]>
            </message>
            <full-stacktrace>
              <![CDATA[org.testng.internal.reflect.MethodMatcherException: 
[public static void com.avin.automation.CameraUpgrade.testCameraUpgrade(java.lang.String,java.lang.String,java.lang.String,java.lang.String,java.lang.String) throws java.lang.InterruptedException,java.io.IOException] has no parameters defined but was found to be using a data provider (either explicitly specified or inherited from class level annotation).
Data provider mismatch
Method: testCameraUpgrade([Parameter{index=0, type=java.lang.String, declaredAnnotations=[]}, Parameter{index=1, type=java.lang.String, declaredAnnotations=[]}, Parameter{index=2, type=java.lang.String, declaredAnnotations=[]}, Parameter{index=3, type=java.lang.String, declaredAnnotations=[]}, Parameter{index=4, type=java.lang.String, declaredAnnotations=[]}])
Arguments: [(java.lang.String) 192.168.4.86/index.html,(java.lang.String) admin,(java.lang.String) Admin@86,(java.lang.String) C12,(java.lang.String) 2.0.6,(java.lang.String) 2.1.5]
at org.testng.internal.reflect.DataProviderMethodMatcher.getConformingArguments(DataProviderMethodMatcher.java:43)
at org.testng.internal.Parameters.injectParameters(Parameters.java:925)
at org.testng.internal.MethodRunner.runInSequence(MethodRunner.java:34)
at org.testng.internal.TestInvoker$MethodInvocationAgent.invoke(TestInvoker.java:804)
at org.testng.internal.TestInvoker.invokeTestMethods(TestInvoker.java:145)
at org.testng.internal.TestMethodWorker.invokeTestMethods(TestMethodWorker.java:146)
at org.testng.internal.TestMethodWorker.run(TestMethodWorker.java:128)
at java.util.ArrayList.forEach(ArrayList.java:1259)
at org.testng.TestRunner.privateRun(TestRunner.java:770)
at org.testng.TestRunner.run(TestRunner.java:591)
at org.testng.SuiteRunner.runTest(SuiteRunner.java:402)
at org.testng.SuiteRunner.runSequentially(SuiteRunner.java:396)
at org.testng.SuiteRunner.privateRun(SuiteRunner.java:355)
at org.testng.SuiteRunner.run(SuiteRunner.java:304)
at org.testng.SuiteRunnerWorker.runSuite(SuiteRunnerWorker.java:53)
at org.testng.SuiteRunnerWorker.run(SuiteRunnerWorker.java:96)
at org.testng.TestNG.runSuitesSequentially(TestNG.java:1180)
at org.testng.TestNG.runSuitesLocally(TestNG.java:1102)
at org.testng.TestNG.runSuites(TestNG.java:1032)
at org.testng.TestNG.run(TestNG.java:1000)
at com.avin.run.TestRunner.main(TestRunner.java:36)
]]>
            </full-stacktrace>
          </exception> <!-- org.testng.internal.reflect.MethodMatcherException -->
          <reporter-output>
          </reporter-output>
        </test-method> <!-- testCameraUpgrade -->
      </class> <!-- com.avin.automation.CameraUpgrade -->
    </test> <!-- Command line test -->
  </suite> <!-- Command line suite -->
</testng-results>
