<?xml version="1.0" encoding="UTF-8"?>
<!-- Generated by org.testng.reporters.JUnitXMLReporter -->
<testsuite hostname="L-0301" ignored="0" name="Test1" tests="1" failures="1" timestamp="2022-04-21T07:35:36 IST" time="0.096" errors="0">
  <testcase name="testApplyRest" time="0.0" classname="com.avin.automation.ApplyReset">
    <failure type="org.testng.TestNGException" message="
Some DataProvider public static java.lang.Object[][] upgrade.TestRunner.dataprovider(java.lang.String,java.lang.String,java.lang.String,java.lang.String,java.lang.String,java.lang.String) parameters unresolved:  at 0 type class java.lang.String
 at 1 type class java.lang.String
 at 2 type class java.lang.String
 at 3 type class java.lang.String
 at 4 type class java.lang.String
 at 5 type class java.lang.String
">
      <![CDATA[org.testng.TestNGException: 
Some DataProvider public static java.lang.Object[][] upgrade.TestRunner.dataprovider(java.lang.String,java.lang.String,java.lang.String,java.lang.String,java.lang.String,java.lang.String) parameters unresolved:  at 0 type class java.lang.String
 at 1 type class java.lang.String
 at 2 type class java.lang.String
 at 3 type class java.lang.String
 at 4 type class java.lang.String
 at 5 type class java.lang.String

at java.util.ArrayList.forEach(ArrayList.java:1259)
at upgrade.TestRunner.main(TestRunner.java:50)
... Removed 22 stack frames]]>
    </failure>
  </testcase> <!-- testApplyRest -->
</testsuite> <!-- Test1 -->
